#
# There is insufficient memory for the Java Runtime Environment to continue.
# Native memory allocation (malloc) failed to allocate 529136 bytes for Chunk::new
# Possible reasons:
#   The system is out of physical RAM or swap space
#   In 32 bit mode, the process size limit was hit
# Possible solutions:
#   Reduce memory load on the system
#   Increase physical memory or swap space
#   Check if swap backing store is full
#   Use 64 bit Java on a 64 bit OS
#   Decrease Java heap size (-Xmx/-Xms)
#   Decrease number of Java threads
#   Decrease Java thread stack sizes (-Xss)
#   Set larger code cache with -XX:ReservedCodeCacheSize=
# This output file may be truncated or incomplete.
#
#  Out of Memory Error (allocation.cpp:328), pid=1292, tid=6856
#
# JRE version: 7.0_07-b11
# Java VM: Java HotSpot(TM) 64-Bit Server VM (23.3-b01 mixed mode windows-amd64 compressed oops)
# Failed to write core dump. Minidumps are not enabled by default on client versions of Windows
#

---------------  T H R E A D  ---------------

Current thread (0x0000000008bb2000):  JavaThread "C2 CompilerThread0" daemon [_thread_in_native, id=6856, stack(0x000000000a180000,0x000000000a280000)]

Stack: [0x000000000a180000,0x000000000a280000]

Current CompileTask:
C2:   5340  801             com.android.dx.merge.DexMerger::mergeClassDefs (103 bytes)


---------------  P R O C E S S  ---------------

Java Threads: ( => current thread )
  0x0000000008bbd800 JavaThread "Service Thread" daemon [_thread_blocked, id=2436, stack(0x000000000a380000,0x000000000a480000)]
  0x0000000008bb5800 JavaThread "C2 CompilerThread1" daemon [_thread_in_native, id=2908, stack(0x000000000a280000,0x000000000a380000)]
=>0x0000000008bb2000 JavaThread "C2 CompilerThread0" daemon [_thread_in_native, id=6856, stack(0x000000000a180000,0x000000000a280000)]
  0x0000000008bb1000 JavaThread "Attach Listener" daemon [_thread_blocked, id=7548, stack(0x000000000a080000,0x000000000a180000)]
  0x0000000008bae000 JavaThread "Signal Dispatcher" daemon [_thread_blocked, id=2040, stack(0x0000000009f80000,0x000000000a080000)]
  0x0000000008b4a800 JavaThread "Finalizer" daemon [_thread_blocked, id=11068, stack(0x0000000009e80000,0x0000000009f80000)]
  0x0000000008b42000 JavaThread "Reference Handler" daemon [_thread_blocked, id=1524, stack(0x0000000009d80000,0x0000000009e80000)]
  0x00000000025e2800 JavaThread "main" [_thread_in_Java, id=8872, stack(0x0000000002490000,0x0000000002590000)]

Other Threads:
  0x0000000008b38800 VMThread [stack: 0x0000000009c80000,0x0000000009d80000] [id=4016]
  0x0000000008bd6800 WatcherThread [stack: 0x000000000a480000,0x000000000a580000] [id=2076]

VM state:not at safepoint (normal execution)

VM Mutex/Monitor currently owned by a thread: None

Heap
 PSYoungGen      total 59904K, used 9040K [0x00000000eaab0000, 0x00000000f0b90000, 0x0000000100000000)
  eden space 49984K, 7% used [0x00000000eaab0000,0x00000000eae8ae10,0x00000000edb80000)
  from space 9920K, 51% used [0x00000000edb80000,0x00000000ee079210,0x00000000ee530000)
  to   space 9600K, 0% used [0x00000000f0230000,0x00000000f0230000,0x00000000f0b90000)
 ParOldGen       total 42240K, used 26913K [0x00000000c0000000, 0x00000000c2940000, 0x00000000eaab0000)
  object space 42240K, 63% used [0x00000000c0000000,0x00000000c1a487d0,0x00000000c2940000)
 PSPermGen       total 21248K, used 7161K [0x00000000bae00000, 0x00000000bc2c0000, 0x00000000c0000000)
  object space 21248K, 33% used [0x00000000bae00000,0x00000000bb4fe528,0x00000000bc2c0000)

Card table byte_map: [0x00000000057a0000,0x00000000059d0000] byte_map_base: 0x00000000051c9000

Polling page: 0x00000000001f0000

Code Cache  [0x00000000026e0000, 0x0000000002950000, 0x00000000056e0000)
 total_blobs=1035 nmethods=779 adapters=207 free_code_cache=46908Kb largest_free_block=48000640

Compilation events (10 events):
Event: 5.291 Thread 0x0000000008bb2000 nmethod 796 0x0000000002916290 code [0x00000000029164a0, 0x0000000002916b90]
Event: 5.291 Thread 0x0000000008bb2000  797             java.util.ComparableTimSort::binarySort (223 bytes)
Event: 5.310 Thread 0x0000000008bb2000 nmethod 797 0x0000000002917810 code [0x00000000029179c0, 0x00000000029186c8]
Event: 5.310 Thread 0x0000000008bb2000  798             com.android.dex.ProtoId::compareTo (9 bytes)
Event: 5.311 Thread 0x0000000008bb2000 nmethod 798 0x00000000028e5150 code [0x00000000028e52a0, 0x00000000028e5378]
Event: 5.311 Thread 0x0000000008bb2000  799             com.android.dex.ProtoId::compareTo (35 bytes)
Event: 5.312 Thread 0x0000000008bb2000 nmethod 799 0x000000000289ec50 code [0x000000000289ed80, 0x000000000289ee38]
Event: 5.312 Thread 0x0000000008bb2000  800             com.android.dx.merge.DexMerger::transformAnnotationDirectories (51 bytes)
Event: 5.314 Thread 0x0000000008bb2000 nmethod 800 0x00000000028efe10 code [0x00000000028eff60, 0x00000000028f0078]
Event: 5.314 Thread 0x0000000008bb2000  801             com.android.dx.merge.DexMerger::mergeClassDefs (103 bytes)

GC Heap History (10 events):
Event: 4.347 GC heap before
{Heap before GC invocations=5 (full 0):
 PSYoungGen      total 34368K, used 34366K [0x00000000eaab0000, 0x00000000eced0000, 0x0000000100000000)
  eden space 31744K, 100% used [0x00000000eaab0000,0x00000000ec9b0000,0x00000000ec9b0000)
  from space 2624K, 99% used [0x00000000ecc40000,0x00000000ececf9e8,0x00000000eced0000)
  to   space 2624K, 0% used [0x00000000ec9b0000,0x00000000ec9b0000,0x00000000ecc40000)
 ParOldGen       total 42240K, used 13673K [0x00000000c0000000, 0x00000000c2940000, 0x00000000eaab0000)
  object space 42240K, 32% used [0x00000000c0000000,0x00000000c0d5a4f8,0x00000000c2940000)
 PSPermGen       total 21248K, used 6982K [0x00000000bae00000, 0x00000000bc2c0000, 0x00000000c0000000)
  object space 21248K, 32% used [0x00000000bae00000,0x00000000bb4d1818,0x00000000bc2c0000)
Event: 4.359 GC heap after
Heap after GC invocations=5 (full 0):
 PSYoungGen      total 34368K, used 2622K [0x00000000eaab0000, 0x00000000eced0000, 0x0000000100000000)
  eden space 31744K, 0% used [0x00000000eaab0000,0x00000000eaab0000,0x00000000ec9b0000)
  from space 2624K, 99% used [0x00000000ec9b0000,0x00000000ecc3f9e8,0x00000000ecc40000)
  to   space 2624K, 0% used [0x00000000ecc40000,0x00000000ecc40000,0x00000000eced0000)
 ParOldGen       total 42240K, used 20694K [0x00000000c0000000, 0x00000000c2940000, 0x00000000eaab0000)
  object space 42240K, 48% used [0x00000000c0000000,0x00000000c1435b20,0x00000000c2940000)
 PSPermGen       total 21248K, used 6982K [0x00000000bae00000, 0x00000000bc2c0000, 0x00000000c0000000)
  object space 21248K, 32% used [0x00000000bae00000,0x00000000bb4d1818,0x00000000bc2c0000)
}
Event: 4.691 GC heap before
{Heap before GC invocations=6 (full 0):
 PSYoungGen      total 34368K, used 34366K [0x00000000eaab0000, 0x00000000eced0000, 0x0000000100000000)
  eden space 31744K, 100% used [0x00000000eaab0000,0x00000000ec9b0000,0x00000000ec9b0000)
  from space 2624K, 99% used [0x00000000ec9b0000,0x00000000ecc3f9e8,0x00000000ecc40000)
  to   space 2624K, 0% used [0x00000000ecc40000,0x00000000ecc40000,0x00000000eced0000)
 ParOldGen       total 42240K, used 20694K [0x00000000c0000000, 0x00000000c2940000, 0x00000000eaab0000)
  object space 42240K, 48% used [0x00000000c0000000,0x00000000c1435b20,0x00000000c2940000)
 PSPermGen       total 21248K, used 7039K [0x00000000bae00000, 0x00000000bc2c0000, 0x00000000c0000000)
  object space 21248K, 33% used [0x00000000bae00000,0x00000000bb4dfe10,0x00000000bc2c0000)
Event: 4.697 GC heap after
Heap after GC invocations=6 (full 0):
 PSYoungGen      total 27712K, used 2597K [0x00000000eaab0000, 0x00000000efad0000, 0x0000000100000000)
  eden space 25088K, 0% used [0x00000000eaab0000,0x00000000eaab0000,0x00000000ec330000)
  from space 2624K, 98% used [0x00000000ecc40000,0x00000000ecec9410,0x00000000eced0000)
  to   space 9280K, 0% used [0x00000000ec330000,0x00000000ec330000,0x00000000ecc40000)
 ParOldGen       total 42240K, used 24272K [0x00000000c0000000, 0x00000000c2940000, 0x00000000eaab0000)
  object space 42240K, 57% used [0x00000000c0000000,0x00000000c17b40d8,0x00000000c2940000)
 PSPermGen       total 21248K, used 7039K [0x00000000bae00000, 0x00000000bc2c0000, 0x00000000c0000000)
  object space 21248K, 33% used [0x00000000bae00000,0x00000000bb4dfe10,0x00000000bc2c0000)
}
Event: 4.869 GC heap before
{Heap before GC invocations=7 (full 0):
 PSYoungGen      total 27712K, used 27685K [0x00000000eaab0000, 0x00000000efad0000, 0x0000000100000000)
  eden space 25088K, 100% used [0x00000000eaab0000,0x00000000ec330000,0x00000000ec330000)
  from space 2624K, 98% used [0x00000000ecc40000,0x00000000ecec9410,0x00000000eced0000)
  to   space 9280K, 0% used [0x00000000ec330000,0x00000000ec330000,0x00000000ecc40000)
 ParOldGen       total 42240K, used 24272K [0x00000000c0000000, 0x00000000c2940000, 0x00000000eaab0000)
  object space 42240K, 57% used [0x00000000c0000000,0x00000000c17b40d8,0x00000000c2940000)
 PSPermGen       total 21248K, used 7056K [0x00000000bae00000, 0x00000000bc2c0000, 0x00000000c0000000)
  object space 21248K, 33% used [0x00000000bae00000,0x00000000bb4e4268,0x00000000bc2c0000)
Event: 4.875 GC heap after
Heap after GC invocations=7 (full 0):
 PSYoungGen      total 34368K, used 2823K [0x00000000eaab0000, 0x00000000eeeb0000, 0x0000000100000000)
  eden space 25088K, 0% used [0x00000000eaab0000,0x00000000eaab0000,0x00000000ec330000)
  from space 9280K, 30% used [0x00000000ec330000,0x00000000ec5f1e98,0x00000000ecc40000)
  to   space 9728K, 0% used [0x00000000ee530000,0x00000000ee530000,0x00000000eeeb0000)
 ParOldGen       total 42240K, used 25727K [0x00000000c0000000, 0x00000000c2940000, 0x00000000eaab0000)
  object space 42240K, 60% used [0x00000000c0000000,0x00000000c191fe18,0x00000000c2940000)
 PSPermGen       total 21248K, used 7056K [0x00000000bae00000, 0x00000000bc2c0000, 0x00000000c0000000)
  object space 21248K, 33% used [0x00000000bae00000,0x00000000bb4e4268,0x00000000bc2c0000)
}
Event: 5.021 GC heap before
{Heap before GC invocations=8 (full 0):
 PSYoungGen      total 34368K, used 26717K [0x00000000eaab0000, 0x00000000eeeb0000, 0x0000000100000000)
  eden space 25088K, 95% used [0x00000000eaab0000,0x00000000ec2057d8,0x00000000ec330000)
  from space 9280K, 30% used [0x00000000ec330000,0x00000000ec5f1e98,0x00000000ecc40000)
  to   space 9728K, 0% used [0x00000000ee530000,0x00000000ee530000,0x00000000eeeb0000)
 ParOldGen       total 42240K, used 25727K [0x00000000c0000000, 0x00000000c2940000, 0x00000000eaab0000)
  object space 42240K, 60% used [0x00000000c0000000,0x00000000c191fe18,0x00000000c2940000)
 PSPermGen       total 21248K, used 7148K [0x00000000bae00000, 0x00000000bc2c0000, 0x00000000c0000000)
  object space 21248K, 33% used [0x00000000bae00000,0x00000000bb4fb128,0x00000000bc2c0000)
Event: 5.025 GC heap after
Heap after GC invocations=8 (full 0):
 PSYoungGen      total 59712K, used 3224K [0x00000000eaab0000, 0x00000000eef10000, 0x0000000100000000)
  eden space 49984K, 0% used [0x00000000eaab0000,0x00000000eaab0000,0x00000000edb80000)
  from space 9728K, 33% used [0x00000000ee530000,0x00000000ee8561a0,0x00000000eeeb0000)
  to   space 9920K, 0% used [0x00000000edb80000,0x00000000edb80000,0x00000000ee530000)
 ParOldGen       total 42240K, used 26441K [0x00000000c0000000, 0x00000000c2940000, 0x00000000eaab0000)
  object space 42240K, 62% used [0x00000000c0000000,0x00000000c19d27d0,0x00000000c2940000)
 PSPermGen       total 21248K, used 7148K [0x00000000bae00000, 0x00000000bc2c0000, 0x00000000c0000000)
  object space 21248K, 33% used [0x00000000bae00000,0x00000000bb4fb128,0x00000000bc2c0000)
}
Event: 5.320 GC heap before
{Heap before GC invocations=9 (full 0):
 PSYoungGen      total 59712K, used 53208K [0x00000000eaab0000, 0x00000000eef10000, 0x0000000100000000)
  eden space 49984K, 100% used [0x00000000eaab0000,0x00000000edb80000,0x00000000edb80000)
  from space 9728K, 33% used [0x00000000ee530000,0x00000000ee8561a0,0x00000000eeeb0000)
  to   space 9920K, 0% used [0x00000000edb80000,0x00000000edb80000,0x00000000ee530000)
 ParOldGen       total 42240K, used 26441K [0x00000000c0000000, 0x00000000c2940000, 0x00000000eaab0000)
  object space 42240K, 62% used [0x00000000c0000000,0x00000000c19d27d0,0x00000000c2940000)
 PSPermGen       total 21248K, used 7160K [0x00000000bae00000, 0x00000000bc2c0000, 0x00000000c0000000)
  object space 21248K, 33% used [0x00000000bae00000,0x00000000bb4fe1d8,0x00000000bc2c0000)
Event: 5.324 GC heap after
Heap after GC invocations=9 (full 0):
 PSYoungGen      total 59904K, used 5092K [0x00000000eaab0000, 0x00000000f0b90000, 0x0000000100000000)
  eden space 49984K, 0% used [0x00000000eaab0000,0x00000000eaab0000,0x00000000edb80000)
  from space 9920K, 51% used [0x00000000edb80000,0x00000000ee079210,0x00000000ee530000)
  to   space 9600K, 0% used [0x00000000f0230000,0x00000000f0230000,0x00000000f0b90000)
 ParOldGen       total 42240K, used 26913K [0x00000000c0000000, 0x00000000c2940000, 0x00000000eaab0000)
  object space 42240K, 63% used [0x00000000c0000000,0x00000000c1a487d0,0x00000000c2940000)
 PSPermGen       total 21248K, used 7160K [0x00000000bae00000, 0x00000000bc2c0000, 0x00000000c0000000)
  object space 21248K, 33% used [0x00000000bae00000,0x00000000bb4fe1d8,0x00000000bc2c0000)
}

Deoptimization events (10 events):
Event: 4.941 Thread 0x00000000025e2800 Uncommon trap -42 fr.pc 0x00000000028dbb24
Event: 4.941 Thread 0x00000000025e2800 Uncommon trap -42 fr.pc 0x00000000028dbbd8
Event: 5.021 Thread 0x00000000025e2800 Uncommon trap -42 fr.pc 0x00000000028dbb24
Event: 5.021 Thread 0x00000000025e2800 Uncommon trap -42 fr.pc 0x00000000028dbbd8
Event: 5.052 Thread 0x00000000025e2800 Uncommon trap -122 fr.pc 0x00000000028e4080
Event: 5.211 Thread 0x00000000025e2800 Uncommon trap -42 fr.pc 0x000000000291095c
Event: 5.211 Thread 0x00000000025e2800 Uncommon trap -42 fr.pc 0x000000000291095c
Event: 5.211 Thread 0x00000000025e2800 Uncommon trap -42 fr.pc 0x000000000291074c
Event: 5.211 Thread 0x00000000025e2800 Uncommon trap -42 fr.pc 0x0000000002910868
Event: 5.211 Thread 0x00000000025e2800 Uncommon trap -42 fr.pc 0x0000000002910868

Internal exceptions (10 events):
Event: 3.892 Thread 0x00000000025e2800 Threw 0x00000000ebd4d148 at C:\jdk7u1_64p\jdk7u7\hotspot\src\share\vm\prims\jvm.cpp:1166
Event: 3.893 Thread 0x00000000025e2800 Threw 0x00000000ebd50228 at C:\jdk7u1_64p\jdk7u7\hotspot\src\share\vm\prims\jvm.cpp:1166
Event: 3.893 Thread 0x00000000025e2800 Threw 0x00000000ebd533e8 at C:\jdk7u1_64p\jdk7u7\hotspot\src\share\vm\prims\jvm.cpp:1166
Event: 3.895 Thread 0x00000000025e2800 Threw 0x00000000ebd56d80 at C:\jdk7u1_64p\jdk7u7\hotspot\src\share\vm\prims\jvm.cpp:1166
Event: 3.896 Thread 0x00000000025e2800 Threw 0x00000000ebd59c48 at C:\jdk7u1_64p\jdk7u7\hotspot\src\share\vm\prims\jvm.cpp:1166
Event: 3.896 Thread 0x00000000025e2800 Threw 0x00000000ebd5ccd0 at C:\jdk7u1_64p\jdk7u7\hotspot\src\share\vm\prims\jvm.cpp:1166
Event: 3.897 Thread 0x00000000025e2800 Threw 0x00000000ebd60188 at C:\jdk7u1_64p\jdk7u7\hotspot\src\share\vm\prims\jvm.cpp:1166
Event: 3.901 Thread 0x00000000025e2800 Threw 0x00000000ebda76e0 at C:\jdk7u1_64p\jdk7u7\hotspot\src\share\vm\prims\jvm.cpp:1166
Event: 3.901 Thread 0x00000000025e2800 Threw 0x00000000ebda9908 at C:\jdk7u1_64p\jdk7u7\hotspot\src\share\vm\prims\jvm.cpp:1166
Event: 4.520 Thread 0x00000000025e2800 Threw 0x00000000eb71ac50 at C:\jdk7u1_64p\jdk7u7\hotspot\src\share\vm\prims\jvm.cpp:1166

Events (10 events):
Event: 5.211 Thread 0x00000000025e2800 DEOPT PACKING pc=0x000000000291095c sp=0x000000000258f190
Event: 5.211 Thread 0x00000000025e2800 DEOPT UNPACKING pc=0x0000000002719164 sp=0x000000000258f168 mode 2
Event: 5.211 Thread 0x00000000025e2800 DEOPT PACKING pc=0x000000000291074c sp=0x000000000258f190
Event: 5.211 Thread 0x00000000025e2800 DEOPT UNPACKING pc=0x0000000002719164 sp=0x000000000258f168 mode 2
Event: 5.211 Thread 0x00000000025e2800 DEOPT PACKING pc=0x0000000002910868 sp=0x000000000258f190
Event: 5.211 Thread 0x00000000025e2800 DEOPT UNPACKING pc=0x0000000002719164 sp=0x000000000258f168 mode 2
Event: 5.211 Thread 0x00000000025e2800 DEOPT PACKING pc=0x0000000002910868 sp=0x000000000258f190
Event: 5.211 Thread 0x00000000025e2800 DEOPT UNPACKING pc=0x0000000002719164 sp=0x000000000258f168 mode 2
Event: 5.320 Executing VM operation: ParallelGCFailedAllocation
Event: 5.324 Executing VM operation: ParallelGCFailedAllocation done


Dynamic libraries:
0x00007ff78c0c0000 - 0x00007ff78c0f3000 	C:\Program Files\Java\jdk1.7.0_07\bin\java.exe
0x00007ffe99fa0000 - 0x00007ffe9a161000 	C:\WINDOWS\SYSTEM32\ntdll.dll
0x00007ffe97e30000 - 0x00007ffe97edd000 	C:\WINDOWS\system32\KERNEL32.DLL
0x00007ffe968a0000 - 0x00007ffe96a88000 	C:\WINDOWS\system32\KERNELBASE.dll
0x00007ffe97970000 - 0x00007ffe97a17000 	C:\WINDOWS\system32\ADVAPI32.dll
0x00007ffe97d90000 - 0x00007ffe97e2d000 	C:\WINDOWS\system32\msvcrt.dll
0x00007ffe97d30000 - 0x00007ffe97d8b000 	C:\WINDOWS\system32\sechost.dll
0x00007ffe97bb0000 - 0x00007ffe97ccc000 	C:\WINDOWS\system32\RPCRT4.dll
0x00007ffe999e0000 - 0x00007ffe99b36000 	C:\WINDOWS\system32\USER32.dll
0x00007ffe97a20000 - 0x00007ffe97ba6000 	C:\WINDOWS\system32\GDI32.dll
0x00007ffe931c0000 - 0x00007ffe93434000 	C:\WINDOWS\WinSxS\amd64_microsoft.windows.common-controls_6595b64144ccf1df_6.0.10586.0_none_8c15ae12515e1c22\COMCTL32.dll
0x00007ffe98020000 - 0x00007ffe9829d000 	C:\WINDOWS\system32\combase.dll
0x00007ffe96830000 - 0x00007ffe9689a000 	C:\WINDOWS\system32\bcryptPrimitives.dll
0x00007ffe999a0000 - 0x00007ffe999db000 	C:\WINDOWS\system32\IMM32.DLL
0x00007ffe94fd0000 - 0x00007ffe95001000 	C:\Windows\system32\nvinitx.dll
0x00007ffe94fc0000 - 0x00007ffe94fca000 	C:\WINDOWS\SYSTEM32\VERSION.dll
0x000000000f000000 - 0x000000000f006000 	C:\Program Files\NVIDIA Corporation\CoProcManager\_etoured.dll
0x00007ffe93880000 - 0x00007ffe938b2000 	C:\Program Files\NVIDIA Corporation\CoProcManager\nvd3d9wrapx.dll
0x00007ffe97380000 - 0x00007ffe977a9000 	C:\WINDOWS\system32\SETUPAPI.dll
0x00007ffe967e0000 - 0x00007ffe96823000 	C:\WINDOWS\system32\CFGMGR32.dll
0x00007ffe93850000 - 0x00007ffe93872000 	C:\Program Files\NVIDIA Corporation\CoProcManager\nvdxgiwrapx.dll
0x000000005ae20000 - 0x000000005aef1000 	C:\Program Files\Java\jdk1.7.0_07\jre\bin\msvcr100.dll
0x000000005b670000 - 0x000000005bd8f000 	C:\Program Files\Java\jdk1.7.0_07\jre\bin\server\jvm.dll
0x00007ffe97ee0000 - 0x00007ffe97ee8000 	C:\WINDOWS\system32\PSAPI.DLL
0x00007ffe8b2a0000 - 0x00007ffe8b2a9000 	C:\WINDOWS\SYSTEM32\WSOCK32.dll
0x00007ffe94860000 - 0x00007ffe94883000 	C:\WINDOWS\SYSTEM32\WINMM.dll
0x00007ffe998d0000 - 0x00007ffe9993b000 	C:\WINDOWS\system32\WS2_32.dll
0x0000000002460000 - 0x000000000248c000 	C:\WINDOWS\SYSTEM32\WINMMBASE.dll
0x000000005b660000 - 0x000000005b66f000 	C:\Program Files\Java\jdk1.7.0_07\jre\bin\verify.dll
0x000000005b630000 - 0x000000005b658000 	C:\Program Files\Java\jdk1.7.0_07\jre\bin\java.dll
0x000000005b610000 - 0x000000005b625000 	C:\Program Files\Java\jdk1.7.0_07\jre\bin\zip.dll
0x000000005b5f0000 - 0x000000005b609000 	C:\Program Files\Java\jdk1.7.0_07\jre\bin\net.dll
0x00007ffe95ed0000 - 0x00007ffe95f2c000 	C:\WINDOWS\system32\mswsock.dll
0x000000005b5d0000 - 0x000000005b5e1000 	C:\Program Files\Java\jdk1.7.0_07\jre\bin\nio.dll

VM Arguments:
jvm_args: -Xmx1024M -Dfile.encoding=windows-1252 -Duser.country=US -Duser.language=en -Duser.variant 
java_command: com.android.dx.command.Main --dex --output C:\Users\Sravan\Desktop\materiallogindemo-master\app\build\intermediates\dex\debug C:\Users\Sravan\Desktop\materiallogindemo-master\app\build\intermediates\classes\debug C:\Users\Sravan\Desktop\materiallogindemo-master\app\build\intermediates\pre-dexed\debug\classes-b4fdf5b6d100c01c7d36fe10898f6a10ad08ee50.jar C:\Users\Sravan\Desktop\materiallogindemo-master\app\build\intermediates\pre-dexed\debug\support-annotations-22.2.0-838efbf0e5a2d7c5d91fce9a146c39bb508739bb.jar C:\Users\Sravan\Desktop\materiallogindemo-master\app\build\intermediates\pre-dexed\debug\classes-54ab5d246c86fe3ea115be87024eed6dad9aeb6f.jar C:\Users\Sravan\Desktop\materiallogindemo-master\app\build\intermediates\pre-dexed\debug\internal_impl-22.2.0-de2d9764c24f2cd3d5cdf6f2fc2ddc2b1eac5670.jar C:\Users\Sravan\Desktop\materiallogindemo-master\app\build\intermediates\pre-dexed\debug\classes-2d18415312d16ec933a9854babefc4ff07d61271.jar C:\Users\Sravan\Desktop\materiallogindemo-master\app\build\intermediates\pre-dexed\debug\classes-fe8275f039931a1deb5a42b1d38b7f3077c95e07.jar C:\Users\Sravan\Desktop\materiallogindemo-master\app\build\intermediates\pre-dexed\debug\classes-d1254ca7ab911f8f59c9ebce6238e0b8e667cd52.jar C:\Users\Sravan\Desktop\materiallogindemo-master\app\build\intermediates\pre-dexed\debug\classes-97d6bfe37d2f9befdad1e0c12728b365ed250dbf.jar C:\Users\Sravan\Desktop\materiallogindemo-master\app\build\intermediates\pre-dexed\debug\classes-29749b99a402e67cb58c7ebe337655228e80ac1c.jar C:\Users\Sravan\Desktop\materiallogindemo-master\app\build\intermediates\pre-dexed\debug\butterknife-7.0.1-eb513390ecbc9898edc731e52f26e7c64da73e24.jar C:\Users\Sravan\Desktop\materiallogindemo-master\app\build\intermediates\pre-dexed\debug\classes-f92c6f1fc9ccaa2ecbe04ba7e45c8c28091e7154.jar C:\Users\Sravan\Desktop\materiallogindemo-master\app\build\intermediates\pre-dexed\debug\classes-a07787ca20d89f475a1e1b0a154c7ca4782de990.jar C:\Users\Sravan\Desktop\m
Launcher Type: SUN_STANDARD

Environment Variables:
PATH=C:\Program Files\NVIDIA GPU Computing Toolkit\CUDA\v7.0\bin;C:\Program Files\NVIDIA GPU Computing Toolkit\CUDA\v7.0\libnvvp;C:\Program Files\Common Files\Microsoft Shared\Windows Live;C:\Program Files (x86)\Common Files\Microsoft Shared\Windows Live;C:\Program Files (x86)\Intel\iCLS Client\;C:\Program Files\Intel\iCLS Client\;C:\Windows\system32;C:\Windows;C:\Windows\System32\Wbem;C:\Windows\System32\WindowsPowerShell\v1.0\;C:\Program Files (x86)\Windows Live\Shared;C:\Program Files (x86)\Intel\OpenCL SDK\2.0\bin\x86;C:\Program Files (x86)\Intel\OpenCL SDK\2.0\bin\x64;C:\Program Files\Intel\Intel(R) Management Engine Components\DAL;C:\Program Files\Intel\Intel(R) Management Engine Components\IPT;C:\Program Files (x86)\Intel\Intel(R) Management Engine Components\DAL;C:\Program Files (x86)\Intel\Intel(R) Management Engine Components\IPT;C:\Program Files (x86)\NVIDIA Corporation\PhysX\Common;C:\Program Files (x86)\Common Files\lenovo\easyplussdk\bin;C:\Program Files\Microsoft SQL Server\Client SDK\ODBC\110\Tools\Binn\;C:\Program Files (x86)\Microsoft SQL Server\120\Tools\Binn\ManagementStudio\;C:\Program Files (x86)\Microsoft SQL Server\120\Tools\Binn\;C:\Program Files\Microsoft SQL Server\120\Tools\Binn\;C:\Program Files (x86)\Microsoft SQL Server\120\DTS\Binn\;C:\Program Files\Microsoft SQL Server\120\DTS\Binn\;C:\Program Files (x86)\Brackets\command;C:\WINDOWS\system32;C:\WINDOWS;C:\WINDOWS\System32\Wbem;C:\WINDOWS\System32\WindowsPowerShell\v1.0\;C:\mongodb\bin;C:\Program Files\nodejs\;C:\Users\Sravan\AppData\Roaming\npm
USERNAME=Sravan
OS=Windows_NT
PROCESSOR_IDENTIFIER=Intel64 Family 6 Model 58 Stepping 9, GenuineIntel



---------------  S Y S T E M  ---------------

OS: Windows 8 , 64 bit Build 9200 

CPU:total 4 (2 cores per cpu, 2 threads per core) family 6 model 58 stepping 9, cmov, cx8, fxsr, mmx, sse, sse2, sse3, ssse3, sse4.1, sse4.2, popcnt, avx, ht, tsc, tscinvbit, tscinv

Memory: 4k page, physical 4054404k(370772k free), swap 7398300k(5292k free)

vm_info: Java HotSpot(TM) 64-Bit Server VM (23.3-b01) for windows-amd64 JRE (1.7.0_07-b11), built on Sep  7 2012 01:19:25 by "java_re" with unknown MS VC++:1600

time: Sun Mar 06 08:42:07 2016
elapsed time: 5 seconds

